


ARM Macro Assembler    Page 1 


    1 00000000         ;/******************************************************
                       ********************//**
    2 00000000         ; * @file     startup_DA14585_586.s
    3 00000000         ; * @brief    CMSIS Cortex-M ARMv7-M based Core Device S
                       tartup File for
    4 00000000         ; *           Device DA14585_586
    5 00000000         ; * @version  V5.00
    6 00000000         ; * @date     02. March 2016
    7 00000000         ; ******************************************************
                       ************************/
    8 00000000         ;/*
    9 00000000         ; * Copyright (c) 2009-2016 ARM Limited. All rights rese
                       rved.
   10 00000000         ; *
   11 00000000         ; * SPDX-License-Identifier: Apache-2.0
   12 00000000         ; *
   13 00000000         ; * Licensed under the Apache License, Version 2.0 (the 
                       License); you may
   14 00000000         ; * not use this file except in compliance with the Lice
                       nse.
   15 00000000         ; * You may obtain a copy of the License at
   16 00000000         ; *
   17 00000000         ; * www.apache.org/licenses/LICENSE-2.0
   18 00000000         ; *
   19 00000000         ; * Unless required by applicable law or agreed to in wr
                       iting, software
   20 00000000         ; * distributed under the License is distributed on an A
                       S IS BASIS, WITHOUT
   21 00000000         ; * WARRANTIES OR CONDITIONS OF ANY KIND, either express
                        or implied.
   22 00000000         ; * See the License for the specific language governing 
                       permissions and
   23 00000000         ; * limitations under the License.
   24 00000000         ; *
   25 00000000         ; * Copyright (C) 2019 Modified by Dialog Semiconductor
   26 00000000         ; */
   27 00000000         ;/*
   28 00000000         
   29 00000000         ;//-------- <<< Use Configuration Wizard in Context Menu
                        >>> ------------------
   30 00000000         ;*/
   31 00000000         
   32 00000000         
   33 00000000         ; <h> Stack Configuration
   34 00000000         ;   <o> Stack Size (in Bytes) <0x0-0xFFFFFFFF:8>
   35 00000000         ; </h>
   36 00000000         
   37 00000000 00000600 
                       Stack_Size
                               EQU              0x00000600
   38 00000000         
   39 00000000                 AREA             STACK, NOINIT, READWRITE, ALIGN
=3
   40 00000000         Stack_Mem
                               SPACE            Stack_Size
   41 00000600         __initial_sp
   42 00000600         
   43 00000600         
   44 00000600         ; <h> Heap Configuration



ARM Macro Assembler    Page 2 


   45 00000600         ;   <o>  Heap Size (in Bytes) <0x0-0xFFFFFFFF:8>
   46 00000600         ; </h>
   47 00000600         
   48 00000600 00000100 
                       Heap_Size
                               EQU              0x00000100
   49 00000600         
   50 00000600                 AREA             HEAP, NOINIT, READWRITE, ALIGN=
3
   51 00000000         __heap_base
   52 00000000         Heap_Mem
                               SPACE            Heap_Size
   53 00000100         __heap_limit
   54 00000100         
   55 00000100         
   56 00000100                 PRESERVE8
   57 00000100                 THUMB
   58 00000100         
   59 00000100         
   60 00000100         ; Vector Table Mapped to Address 0 at Reset
   61 00000100         
   62 00000100                 AREA             RESET, DATA, READONLY
   63 00000000                 EXPORT           __Vectors
   64 00000000                 EXPORT           __Vectors_End
   65 00000000                 EXPORT           __Vectors_Size
   66 00000000         
   67 00000000 00000000 
                       __Vectors
                               DCD              __initial_sp ; Top of Stack
   68 00000004 00000000        DCD              Reset_Handler ; Reset Handler
   69 00000008 00000000        DCD              NMI_Handler ; NMI Handler
   70 0000000C 00000000        DCD              HardFault_Handler ; Hard Fault 
                                                            Handler
   71 00000010 00000000        DCD              0           ; Reserved
   72 00000014 00000000        DCD              0           ; Reserved
   73 00000018 00000000        DCD              0           ; Reserved
   74 0000001C 00000000        DCD              0           ; Reserved
   75 00000020 00000000        DCD              0           ; Reserved
   76 00000024 00000000        DCD              0           ; Reserved
   77 00000028 00000000        DCD              0           ; Reserved
   78 0000002C 00000000        DCD              SVC_Handler ; SVCall Handler
   79 00000030 00000000        DCD              0           ; Reserved
   80 00000034 00000000        DCD              0           ; Reserved
   81 00000038 00000000        DCD              PendSV_Handler ; PendSV Handler
                                                            
   82 0000003C 00000000        DCD              SysTick_Handler 
                                                            ; SysTick Handler
   83 00000040         
   84 00000040         ; External Interrupts
   85 00000040 00000000        DCD              BLE_WAKEUP_LP_Handler
   86 00000044 00000000        DCD              rwble_isr
   87 00000048 00000000        DCD              UART_Handler
   88 0000004C 00000000        DCD              UART2_Handler
   89 00000050 00000000        DCD              I2C_Handler
   90 00000054 00000000        DCD              SPI_Handler
   91 00000058 00000000        DCD              ADC_Handler
   92 0000005C 00000000        DCD              KEYBRD_Handler
   93 00000060 00000000        DCD              BLE_RF_DIAG_Handler
   94 00000064 00000000        DCD              RFCAL_Handler



ARM Macro Assembler    Page 3 


   95 00000068 00000000        DCD              GPIO0_Handler
   96 0000006C 00000000        DCD              GPIO1_Handler
   97 00000070 00000000        DCD              GPIO2_Handler
   98 00000074 00000000        DCD              GPIO3_Handler
   99 00000078 00000000        DCD              GPIO4_Handler
  100 0000007C 00000000        DCD              SWTIM_Handler
  101 00000080 00000000        DCD              WKUP_QUADEC_Handler
  102 00000084 00000000        DCD              PCM_Handler
  103 00000088 00000000        DCD              SRCIN_Handler
  104 0000008C 00000000        DCD              SRCOUT_Handler
  105 00000090 00000000        DCD              DMA_Handler
  106 00000094 00000000        DCD              RESERVED21_Handler
  107 00000098 00000000        DCD              RESERVED22_Handler
  108 0000009C 00000000        DCD              RESERVED23_Handler
  109 000000A0         __Vectors_End
  110 000000A0         
  111 000000A0 000000A0 
                       __Vectors_Size
                               EQU              __Vectors_End - __Vectors
  112 000000A0         
  113 000000A0                 AREA             |.text|, CODE, READONLY
  114 00000000         
  115 00000000         
  116 00000000         ; Reset Handler
  117 00000000         
  118 00000000         Reset_Handler
                               PROC
  119 00000000                 EXPORT           Reset_Handler             [WEAK
]
  120 00000000                 IMPORT           SystemInit
  121 00000000                 IMPORT           __main
  122 00000000 480F            LDR              R0, =SystemInit
  123 00000002 4780            BLX              R0
  124 00000004 480F            LDR              R0, =__main
  125 00000006 4700            BX               R0
  126 00000008                 ENDP
  127 00000008         
  128 00000008         
  129 00000008         ; Dummy Exception Handlers (infinite loops which can be 
                       modified)
  130 00000008                 IMPORT           NMI_HandlerC
  132 00000008         NMI_Handler
                               PROC
  133 00000008 2004            movs             r0, #4
  134 0000000A 4671            mov              r1, lr
  135 0000000C 4208            tst              r0, r1
  136 0000000E D003            beq              NMI_stacking_used_MSP
  137 00000010 F3EF 8009       mrs              r0, psp
  138 00000014 490C            ldr              r1,=NMI_HandlerC
  139 00000016 4708            bx               r1
  140 00000018         NMI_stacking_used_MSP
  141 00000018 F3EF 8008       mrs              r0, msp
  142 0000001C 490A            ldr              r1,=NMI_HandlerC
  143 0000001E 4708            bx               r1
  144 00000020                 ENDP
  145 00000020         
  146 00000020                 IMPORT           HardFault_HandlerC
  148 00000020         HardFault_Handler
                               PROC



ARM Macro Assembler    Page 4 


  149 00000020 2004            movs             r0, #4
  150 00000022 4671            mov              r1, lr
  151 00000024 4208            tst              r0, r1
  152 00000026 D003            beq              HardFault_stacking_used_MSP
  153 00000028 F3EF 8009       mrs              r0, psp
  154 0000002C 4907            ldr              r1,=HardFault_HandlerC
  155 0000002E 4708            bx               r1
  156 00000030         HardFault_stacking_used_MSP
  157 00000030 F3EF 8008       mrs              r0, msp
  158 00000034 4905            ldr              r1,=HardFault_HandlerC
  159 00000036 4708            bx               r1
  160 00000038                 ENDP
  161 00000038         
  163 00000038         SVC_Handler
                               PROC
  164 00000038                 EXPORT           SVC_Handler            [WEAK]
  165 00000038 E7FE            B                .
  166 0000003A                 ENDP
  167 0000003A         
  169 0000003A         PendSV_Handler
                               PROC
  170 0000003A                 EXPORT           PendSV_Handler         [WEAK]
  171 0000003A E7FE            B                .
  172 0000003C                 ENDP
  173 0000003C         
  175 0000003C         SysTick_Handler
                               PROC
  176 0000003C                 EXPORT           SysTick_Handler        [WEAK]
  177 0000003C E7FE            B                .
  178 0000003E                 ENDP
  179 0000003E         
  180 0000003E         Default_Handler
                               PROC
  181 0000003E                 EXPORT           BLE_WAKEUP_LP_Handler   [WEAK]
  182 0000003E                 EXPORT           rwble_isr               [WEAK]
  183 0000003E                 EXPORT           UART_Handler            [WEAK]
  184 0000003E                 EXPORT           UART2_Handler           [WEAK]
  185 0000003E                 EXPORT           I2C_Handler             [WEAK]
  186 0000003E                 EXPORT           SPI_Handler             [WEAK]
  187 0000003E                 EXPORT           ADC_Handler             [WEAK]
  188 0000003E                 EXPORT           KEYBRD_Handler          [WEAK]
  189 0000003E                 EXPORT           BLE_RF_DIAG_Handler     [WEAK]
  190 0000003E                 EXPORT           RFCAL_Handler           [WEAK]
  191 0000003E                 EXPORT           GPIO0_Handler           [WEAK]
  192 0000003E                 EXPORT           GPIO1_Handler           [WEAK]
  193 0000003E                 EXPORT           GPIO2_Handler           [WEAK]
  194 0000003E                 EXPORT           GPIO3_Handler           [WEAK]
  195 0000003E                 EXPORT           GPIO4_Handler           [WEAK]
  196 0000003E                 EXPORT           SWTIM_Handler           [WEAK]
  197 0000003E                 EXPORT           WKUP_QUADEC_Handler     [WEAK]
  198 0000003E                 EXPORT           PCM_Handler             [WEAK]
  199 0000003E                 EXPORT           SRCIN_Handler           [WEAK]
  200 0000003E                 EXPORT           SRCOUT_Handler          [WEAK]
  201 0000003E                 EXPORT           DMA_Handler             [WEAK]
  202 0000003E                 EXPORT           RESERVED21_Handler      [WEAK]
  203 0000003E                 EXPORT           RESERVED22_Handler      [WEAK]
  204 0000003E                 EXPORT           RESERVED23_Handler      [WEAK]
  205 0000003E         
  206 0000003E         BLE_WAKEUP_LP_Handler



ARM Macro Assembler    Page 5 


  207 0000003E         rwble_isr
  208 0000003E         UART_Handler
  209 0000003E         UART2_Handler
  210 0000003E         I2C_Handler
  211 0000003E         SPI_Handler
  212 0000003E         ADC_Handler
  213 0000003E         KEYBRD_Handler
  214 0000003E         BLE_RF_DIAG_Handler
  215 0000003E         RFCAL_Handler
  216 0000003E         GPIO0_Handler
  217 0000003E         GPIO1_Handler
  218 0000003E         GPIO2_Handler
  219 0000003E         GPIO3_Handler
  220 0000003E         GPIO4_Handler
  221 0000003E         SWTIM_Handler
  222 0000003E         WKUP_QUADEC_Handler
  223 0000003E         PCM_Handler
  224 0000003E         SRCIN_Handler
  225 0000003E         SRCOUT_Handler
  226 0000003E         DMA_Handler
  227 0000003E         RESERVED21_Handler
  228 0000003E         RESERVED22_Handler
  229 0000003E         RESERVED23_Handler
  230 0000003E E7FE            B                .
  231 00000040                 ENDP
  232 00000040         
  233 00000040                 ALIGN
  234 00000040         
  235 00000040         
  236 00000040         ; User Initial Stack & Heap
  237 00000040         
  238 00000040                 IF               :DEF:__MICROLIB
  239 00000040         
  240 00000040                 EXPORT           __initial_sp
  241 00000040                 EXPORT           __heap_base
  242 00000040                 EXPORT           __heap_limit
  243 00000040         
  244 00000040                 ELSE
  259                          ENDIF
  260 00000040         
  261 00000040         
  262 00000040                 END
              00000000 
              00000000 
              00000000 
              00000000 
Command Line: --debug --xref --diag_suppress=9931 --cpu=Cortex-M0 --depend=.\ou
t_da14585\objects\startup_da14585_586.d -o.\out_da14585\objects\startup_da14585
_586.o -ID:\ProgramData\Packs\ARM\CMSIS\5.9.0\Device\ARM\ARMCM0\Include --prede
fine="__MICROLIB SETA 1" --predefine="__UVISION_VERSION SETA 536" --predefine="
ARMCM0 SETA 1" --list=.\out_da14585\listings\startup_da14585_586.lst ..\..\sdk\
platform\arch\boot\ARM\startup_DA14585_586.s



ARM Macro Assembler    Page 1 Alphabetic symbol ordering
Relocatable symbols

STACK 00000000

Symbol: STACK
   Definitions
      At line 39 in file ..\..\sdk\platform\arch\boot\ARM\startup_DA14585_586.s
   Uses
      None
Comment: STACK unused
Stack_Mem 00000000

Symbol: Stack_Mem
   Definitions
      At line 40 in file ..\..\sdk\platform\arch\boot\ARM\startup_DA14585_586.s
   Uses
      None
Comment: Stack_Mem unused
__initial_sp 00000600

Symbol: __initial_sp
   Definitions
      At line 41 in file ..\..\sdk\platform\arch\boot\ARM\startup_DA14585_586.s
   Uses
      At line 67 in file ..\..\sdk\platform\arch\boot\ARM\startup_DA14585_586.s
      At line 240 in file ..\..\sdk\platform\arch\boot\ARM\startup_DA14585_586.
s

3 symbols



ARM Macro Assembler    Page 1 Alphabetic symbol ordering
Relocatable symbols

HEAP 00000000

Symbol: HEAP
   Definitions
      At line 50 in file ..\..\sdk\platform\arch\boot\ARM\startup_DA14585_586.s
   Uses
      None
Comment: HEAP unused
Heap_Mem 00000000

Symbol: Heap_Mem
   Definitions
      At line 52 in file ..\..\sdk\platform\arch\boot\ARM\startup_DA14585_586.s
   Uses
      None
Comment: Heap_Mem unused
__heap_base 00000000

Symbol: __heap_base
   Definitions
      At line 51 in file ..\..\sdk\platform\arch\boot\ARM\startup_DA14585_586.s
   Uses
      At line 241 in file ..\..\sdk\platform\arch\boot\ARM\startup_DA14585_586.
s
Comment: __heap_base used once
__heap_limit 00000100

Symbol: __heap_limit
   Definitions
      At line 53 in file ..\..\sdk\platform\arch\boot\ARM\startup_DA14585_586.s
   Uses
      At line 242 in file ..\..\sdk\platform\arch\boot\ARM\startup_DA14585_586.
s
Comment: __heap_limit used once
4 symbols



ARM Macro Assembler    Page 1 Alphabetic symbol ordering
Relocatable symbols

RESET 00000000

Symbol: RESET
   Definitions
      At line 62 in file ..\..\sdk\platform\arch\boot\ARM\startup_DA14585_586.s
   Uses
      None
Comment: RESET unused
__Vectors 00000000

Symbol: __Vectors
   Definitions
      At line 67 in file ..\..\sdk\platform\arch\boot\ARM\startup_DA14585_586.s
   Uses
      At line 63 in file ..\..\sdk\platform\arch\boot\ARM\startup_DA14585_586.s
      At line 111 in file ..\..\sdk\platform\arch\boot\ARM\startup_DA14585_586.
s

__Vectors_End 000000A0

Symbol: __Vectors_End
   Definitions
      At line 109 in file ..\..\sdk\platform\arch\boot\ARM\startup_DA14585_586.
s
   Uses
      At line 64 in file ..\..\sdk\platform\arch\boot\ARM\startup_DA14585_586.s
      At line 111 in file ..\..\sdk\platform\arch\boot\ARM\startup_DA14585_586.
s

3 symbols



ARM Macro Assembler    Page 1 Alphabetic symbol ordering
Relocatable symbols

.text 00000000

Symbol: .text
   Definitions
      At line 113 in file ..\..\sdk\platform\arch\boot\ARM\startup_DA14585_586.
s
   Uses
      None
Comment: .text unused
ADC_Handler 0000003E

Symbol: ADC_Handler
   Definitions
      At line 212 in file ..\..\sdk\platform\arch\boot\ARM\startup_DA14585_586.
s
   Uses
      At line 91 in file ..\..\sdk\platform\arch\boot\ARM\startup_DA14585_586.s
      At line 187 in file ..\..\sdk\platform\arch\boot\ARM\startup_DA14585_586.
s

BLE_RF_DIAG_Handler 0000003E

Symbol: BLE_RF_DIAG_Handler
   Definitions
      At line 214 in file ..\..\sdk\platform\arch\boot\ARM\startup_DA14585_586.
s
   Uses
      At line 93 in file ..\..\sdk\platform\arch\boot\ARM\startup_DA14585_586.s
      At line 189 in file ..\..\sdk\platform\arch\boot\ARM\startup_DA14585_586.
s

BLE_WAKEUP_LP_Handler 0000003E

Symbol: BLE_WAKEUP_LP_Handler
   Definitions
      At line 206 in file ..\..\sdk\platform\arch\boot\ARM\startup_DA14585_586.
s
   Uses
      At line 85 in file ..\..\sdk\platform\arch\boot\ARM\startup_DA14585_586.s
      At line 181 in file ..\..\sdk\platform\arch\boot\ARM\startup_DA14585_586.
s

DMA_Handler 0000003E

Symbol: DMA_Handler
   Definitions
      At line 226 in file ..\..\sdk\platform\arch\boot\ARM\startup_DA14585_586.
s
   Uses
      At line 105 in file ..\..\sdk\platform\arch\boot\ARM\startup_DA14585_586.
s
      At line 201 in file ..\..\sdk\platform\arch\boot\ARM\startup_DA14585_586.
s

Default_Handler 0000003E

Symbol: Default_Handler
   Definitions
      At line 180 in file ..\..\sdk\platform\arch\boot\ARM\startup_DA14585_586.



ARM Macro Assembler    Page 2 Alphabetic symbol ordering
Relocatable symbols

s
   Uses
      None
Comment: Default_Handler unused
GPIO0_Handler 0000003E

Symbol: GPIO0_Handler
   Definitions
      At line 216 in file ..\..\sdk\platform\arch\boot\ARM\startup_DA14585_586.
s
   Uses
      At line 95 in file ..\..\sdk\platform\arch\boot\ARM\startup_DA14585_586.s
      At line 191 in file ..\..\sdk\platform\arch\boot\ARM\startup_DA14585_586.
s

GPIO1_Handler 0000003E

Symbol: GPIO1_Handler
   Definitions
      At line 217 in file ..\..\sdk\platform\arch\boot\ARM\startup_DA14585_586.
s
   Uses
      At line 96 in file ..\..\sdk\platform\arch\boot\ARM\startup_DA14585_586.s
      At line 192 in file ..\..\sdk\platform\arch\boot\ARM\startup_DA14585_586.
s

GPIO2_Handler 0000003E

Symbol: GPIO2_Handler
   Definitions
      At line 218 in file ..\..\sdk\platform\arch\boot\ARM\startup_DA14585_586.
s
   Uses
      At line 97 in file ..\..\sdk\platform\arch\boot\ARM\startup_DA14585_586.s
      At line 193 in file ..\..\sdk\platform\arch\boot\ARM\startup_DA14585_586.
s

GPIO3_Handler 0000003E

Symbol: GPIO3_Handler
   Definitions
      At line 219 in file ..\..\sdk\platform\arch\boot\ARM\startup_DA14585_586.
s
   Uses
      At line 98 in file ..\..\sdk\platform\arch\boot\ARM\startup_DA14585_586.s
      At line 194 in file ..\..\sdk\platform\arch\boot\ARM\startup_DA14585_586.
s

GPIO4_Handler 0000003E

Symbol: GPIO4_Handler
   Definitions
      At line 220 in file ..\..\sdk\platform\arch\boot\ARM\startup_DA14585_586.
s
   Uses
      At line 99 in file ..\..\sdk\platform\arch\boot\ARM\startup_DA14585_586.s
      At line 195 in file ..\..\sdk\platform\arch\boot\ARM\startup_DA14585_586.
s




ARM Macro Assembler    Page 3 Alphabetic symbol ordering
Relocatable symbols

HardFault_Handler 00000020

Symbol: HardFault_Handler
   Definitions
      At line 148 in file ..\..\sdk\platform\arch\boot\ARM\startup_DA14585_586.
s
   Uses
      At line 70 in file ..\..\sdk\platform\arch\boot\ARM\startup_DA14585_586.s
Comment: HardFault_Handler used once
HardFault_stacking_used_MSP 00000030

Symbol: HardFault_stacking_used_MSP
   Definitions
      At line 156 in file ..\..\sdk\platform\arch\boot\ARM\startup_DA14585_586.
s
   Uses
      At line 152 in file ..\..\sdk\platform\arch\boot\ARM\startup_DA14585_586.
s
Comment: HardFault_stacking_used_MSP used once
I2C_Handler 0000003E

Symbol: I2C_Handler
   Definitions
      At line 210 in file ..\..\sdk\platform\arch\boot\ARM\startup_DA14585_586.
s
   Uses
      At line 89 in file ..\..\sdk\platform\arch\boot\ARM\startup_DA14585_586.s
      At line 185 in file ..\..\sdk\platform\arch\boot\ARM\startup_DA14585_586.
s

KEYBRD_Handler 0000003E

Symbol: KEYBRD_Handler
   Definitions
      At line 213 in file ..\..\sdk\platform\arch\boot\ARM\startup_DA14585_586.
s
   Uses
      At line 92 in file ..\..\sdk\platform\arch\boot\ARM\startup_DA14585_586.s
      At line 188 in file ..\..\sdk\platform\arch\boot\ARM\startup_DA14585_586.
s

NMI_Handler 00000008

Symbol: NMI_Handler
   Definitions
      At line 132 in file ..\..\sdk\platform\arch\boot\ARM\startup_DA14585_586.
s
   Uses
      At line 69 in file ..\..\sdk\platform\arch\boot\ARM\startup_DA14585_586.s
Comment: NMI_Handler used once
NMI_stacking_used_MSP 00000018

Symbol: NMI_stacking_used_MSP
   Definitions
      At line 140 in file ..\..\sdk\platform\arch\boot\ARM\startup_DA14585_586.
s
   Uses
      At line 136 in file ..\..\sdk\platform\arch\boot\ARM\startup_DA14585_586.
s



ARM Macro Assembler    Page 4 Alphabetic symbol ordering
Relocatable symbols

Comment: NMI_stacking_used_MSP used once
PCM_Handler 0000003E

Symbol: PCM_Handler
   Definitions
      At line 223 in file ..\..\sdk\platform\arch\boot\ARM\startup_DA14585_586.
s
   Uses
      At line 102 in file ..\..\sdk\platform\arch\boot\ARM\startup_DA14585_586.
s
      At line 198 in file ..\..\sdk\platform\arch\boot\ARM\startup_DA14585_586.
s

PendSV_Handler 0000003A

Symbol: PendSV_Handler
   Definitions
      At line 169 in file ..\..\sdk\platform\arch\boot\ARM\startup_DA14585_586.
s
   Uses
      At line 81 in file ..\..\sdk\platform\arch\boot\ARM\startup_DA14585_586.s
      At line 170 in file ..\..\sdk\platform\arch\boot\ARM\startup_DA14585_586.
s

RESERVED21_Handler 0000003E

Symbol: RESERVED21_Handler
   Definitions
      At line 227 in file ..\..\sdk\platform\arch\boot\ARM\startup_DA14585_586.
s
   Uses
      At line 106 in file ..\..\sdk\platform\arch\boot\ARM\startup_DA14585_586.
s
      At line 202 in file ..\..\sdk\platform\arch\boot\ARM\startup_DA14585_586.
s

RESERVED22_Handler 0000003E

Symbol: RESERVED22_Handler
   Definitions
      At line 228 in file ..\..\sdk\platform\arch\boot\ARM\startup_DA14585_586.
s
   Uses
      At line 107 in file ..\..\sdk\platform\arch\boot\ARM\startup_DA14585_586.
s
      At line 203 in file ..\..\sdk\platform\arch\boot\ARM\startup_DA14585_586.
s

RESERVED23_Handler 0000003E

Symbol: RESERVED23_Handler
   Definitions
      At line 229 in file ..\..\sdk\platform\arch\boot\ARM\startup_DA14585_586.
s
   Uses
      At line 108 in file ..\..\sdk\platform\arch\boot\ARM\startup_DA14585_586.
s
      At line 204 in file ..\..\sdk\platform\arch\boot\ARM\startup_DA14585_586.
s



ARM Macro Assembler    Page 5 Alphabetic symbol ordering
Relocatable symbols


RFCAL_Handler 0000003E

Symbol: RFCAL_Handler
   Definitions
      At line 215 in file ..\..\sdk\platform\arch\boot\ARM\startup_DA14585_586.
s
   Uses
      At line 94 in file ..\..\sdk\platform\arch\boot\ARM\startup_DA14585_586.s
      At line 190 in file ..\..\sdk\platform\arch\boot\ARM\startup_DA14585_586.
s

Reset_Handler 00000000

Symbol: Reset_Handler
   Definitions
      At line 118 in file ..\..\sdk\platform\arch\boot\ARM\startup_DA14585_586.
s
   Uses
      At line 68 in file ..\..\sdk\platform\arch\boot\ARM\startup_DA14585_586.s
      At line 119 in file ..\..\sdk\platform\arch\boot\ARM\startup_DA14585_586.
s

SPI_Handler 0000003E

Symbol: SPI_Handler
   Definitions
      At line 211 in file ..\..\sdk\platform\arch\boot\ARM\startup_DA14585_586.
s
   Uses
      At line 90 in file ..\..\sdk\platform\arch\boot\ARM\startup_DA14585_586.s
      At line 186 in file ..\..\sdk\platform\arch\boot\ARM\startup_DA14585_586.
s

SRCIN_Handler 0000003E

Symbol: SRCIN_Handler
   Definitions
      At line 224 in file ..\..\sdk\platform\arch\boot\ARM\startup_DA14585_586.
s
   Uses
      At line 103 in file ..\..\sdk\platform\arch\boot\ARM\startup_DA14585_586.
s
      At line 199 in file ..\..\sdk\platform\arch\boot\ARM\startup_DA14585_586.
s

SRCOUT_Handler 0000003E

Symbol: SRCOUT_Handler
   Definitions
      At line 225 in file ..\..\sdk\platform\arch\boot\ARM\startup_DA14585_586.
s
   Uses
      At line 104 in file ..\..\sdk\platform\arch\boot\ARM\startup_DA14585_586.
s
      At line 200 in file ..\..\sdk\platform\arch\boot\ARM\startup_DA14585_586.
s

SVC_Handler 00000038



ARM Macro Assembler    Page 6 Alphabetic symbol ordering
Relocatable symbols


Symbol: SVC_Handler
   Definitions
      At line 163 in file ..\..\sdk\platform\arch\boot\ARM\startup_DA14585_586.
s
   Uses
      At line 78 in file ..\..\sdk\platform\arch\boot\ARM\startup_DA14585_586.s
      At line 164 in file ..\..\sdk\platform\arch\boot\ARM\startup_DA14585_586.
s

SWTIM_Handler 0000003E

Symbol: SWTIM_Handler
   Definitions
      At line 221 in file ..\..\sdk\platform\arch\boot\ARM\startup_DA14585_586.
s
   Uses
      At line 100 in file ..\..\sdk\platform\arch\boot\ARM\startup_DA14585_586.
s
      At line 196 in file ..\..\sdk\platform\arch\boot\ARM\startup_DA14585_586.
s

SysTick_Handler 0000003C

Symbol: SysTick_Handler
   Definitions
      At line 175 in file ..\..\sdk\platform\arch\boot\ARM\startup_DA14585_586.
s
   Uses
      At line 82 in file ..\..\sdk\platform\arch\boot\ARM\startup_DA14585_586.s
      At line 176 in file ..\..\sdk\platform\arch\boot\ARM\startup_DA14585_586.
s

UART2_Handler 0000003E

Symbol: UART2_Handler
   Definitions
      At line 209 in file ..\..\sdk\platform\arch\boot\ARM\startup_DA14585_586.
s
   Uses
      At line 88 in file ..\..\sdk\platform\arch\boot\ARM\startup_DA14585_586.s
      At line 184 in file ..\..\sdk\platform\arch\boot\ARM\startup_DA14585_586.
s

UART_Handler 0000003E

Symbol: UART_Handler
   Definitions
      At line 208 in file ..\..\sdk\platform\arch\boot\ARM\startup_DA14585_586.
s
   Uses
      At line 87 in file ..\..\sdk\platform\arch\boot\ARM\startup_DA14585_586.s
      At line 183 in file ..\..\sdk\platform\arch\boot\ARM\startup_DA14585_586.
s

WKUP_QUADEC_Handler 0000003E

Symbol: WKUP_QUADEC_Handler
   Definitions



ARM Macro Assembler    Page 7 Alphabetic symbol ordering
Relocatable symbols

      At line 222 in file ..\..\sdk\platform\arch\boot\ARM\startup_DA14585_586.
s
   Uses
      At line 101 in file ..\..\sdk\platform\arch\boot\ARM\startup_DA14585_586.
s
      At line 197 in file ..\..\sdk\platform\arch\boot\ARM\startup_DA14585_586.
s

rwble_isr 0000003E

Symbol: rwble_isr
   Definitions
      At line 207 in file ..\..\sdk\platform\arch\boot\ARM\startup_DA14585_586.
s
   Uses
      At line 86 in file ..\..\sdk\platform\arch\boot\ARM\startup_DA14585_586.s
      At line 182 in file ..\..\sdk\platform\arch\boot\ARM\startup_DA14585_586.
s

34 symbols



ARM Macro Assembler    Page 1 Alphabetic symbol ordering
Absolute symbols

Heap_Size 00000100

Symbol: Heap_Size
   Definitions
      At line 48 in file ..\..\sdk\platform\arch\boot\ARM\startup_DA14585_586.s
   Uses
      At line 52 in file ..\..\sdk\platform\arch\boot\ARM\startup_DA14585_586.s
Comment: Heap_Size used once
Stack_Size 00000600

Symbol: Stack_Size
   Definitions
      At line 37 in file ..\..\sdk\platform\arch\boot\ARM\startup_DA14585_586.s
   Uses
      At line 40 in file ..\..\sdk\platform\arch\boot\ARM\startup_DA14585_586.s
Comment: Stack_Size used once
__Vectors_Size 000000A0

Symbol: __Vectors_Size
   Definitions
      At line 111 in file ..\..\sdk\platform\arch\boot\ARM\startup_DA14585_586.
s
   Uses
      At line 65 in file ..\..\sdk\platform\arch\boot\ARM\startup_DA14585_586.s
Comment: __Vectors_Size used once
3 symbols



ARM Macro Assembler    Page 1 Alphabetic symbol ordering
External symbols

HardFault_HandlerC 00000000

Symbol: HardFault_HandlerC
   Definitions
      At line 146 in file ..\..\sdk\platform\arch\boot\ARM\startup_DA14585_586.
s
   Uses
      At line 154 in file ..\..\sdk\platform\arch\boot\ARM\startup_DA14585_586.
s
      At line 158 in file ..\..\sdk\platform\arch\boot\ARM\startup_DA14585_586.
s

NMI_HandlerC 00000000

Symbol: NMI_HandlerC
   Definitions
      At line 130 in file ..\..\sdk\platform\arch\boot\ARM\startup_DA14585_586.
s
   Uses
      At line 138 in file ..\..\sdk\platform\arch\boot\ARM\startup_DA14585_586.
s
      At line 142 in file ..\..\sdk\platform\arch\boot\ARM\startup_DA14585_586.
s

SystemInit 00000000

Symbol: SystemInit
   Definitions
      At line 120 in file ..\..\sdk\platform\arch\boot\ARM\startup_DA14585_586.
s
   Uses
      At line 122 in file ..\..\sdk\platform\arch\boot\ARM\startup_DA14585_586.
s
Comment: SystemInit used once
__main 00000000

Symbol: __main
   Definitions
      At line 121 in file ..\..\sdk\platform\arch\boot\ARM\startup_DA14585_586.
s
   Uses
      At line 124 in file ..\..\sdk\platform\arch\boot\ARM\startup_DA14585_586.
s
Comment: __main used once
4 symbols
386 symbols in table
